<?xml version="1.0" encoding="UTF-8" ?>
<testsuites disabled="0" errors="0" failures="3" tests="9" time="98.999">
 <testsuite name="Navigation to Home Page and GOM/GHANA Daily Dashboard Test" timestamp="2018-11-13T13:22:21" hostname="localhost" time="30.233" errors="0" tests="3" skipped="0" disabled="0" failures="2">
  <testcase classname="Navigation to Home Page and GOM/GHANA Daily Dashboard Test" name="should navigate to homepage and validate if GOM and GHANA are displayed" time="8.721" />
  <testcase classname="Navigation to Home Page and GOM/GHANA Daily Dashboard Test" name="should navigate to GOM Dashboard and check if all the fields and components are displayed" time="8.478">
   <failure type="exception" message="Failed: stale element reference: element is not attached to the page document
  (Session info: chrome=70.0.3538.77)
  (Driver info: chromedriver=2.42.591088 (7b2b2dca23cca0862f674758c9a3933e685c27d5),platform=Windows NT 10.0.16299 x86_64)"><![CDATA[StaleElementReferenceError: stale element reference: element is not attached to the page document
  (Session info: chrome=70.0.3538.77)
  (Driver info: chromedriver=2.42.591088 (7b2b2dca23cca0862f674758c9a3933e685c27d5),platform=Windows NT 10.0.16299 x86_64)
    at Object.checkLegacyResponse (H:\Protractor Project\IPSO-Test-Automation\node_modules\selenium-webdriver\lib\error.js:546:15)
    at parseHttpResponse (H:\Protractor Project\IPSO-Test-Automation\node_modules\selenium-webdriver\lib\http.js:509:13)
    at doSend.then.response (H:\Protractor Project\IPSO-Test-Automation\node_modules\selenium-webdriver\lib\http.js:441:30)
    at <anonymous>
    at process._tickCallback (internal/process/next_tick.js:188:7)
From: Task: WebElement.getText()
    at Driver.schedule (H:\Protractor Project\IPSO-Test-Automation\node_modules\selenium-webdriver\lib\webdriver.js:807:17)
    at WebElement.schedule_ (H:\Protractor Project\IPSO-Test-Automation\node_modules\selenium-webdriver\lib\webdriver.js:2010:25)
    at WebElement.getText (H:\Protractor Project\IPSO-Test-Automation\node_modules\selenium-webdriver\lib\webdriver.js:2277:17)
    at actionFn (H:\Protractor Project\IPSO-Test-Automation\node_modules\protractor\built\element.js:89:44)
    at Array.map (<anonymous>)
    at actionResults.getWebElements.then (H:\Protractor Project\IPSO-Test-Automation\node_modules\protractor\built\element.js:461:65)
    at ManagedPromise.invokeCallback_ (H:\Protractor Project\IPSO-Test-Automation\node_modules\selenium-webdriver\lib\promise.js:1376:14)
    at TaskQueue.execute_ (H:\Protractor Project\IPSO-Test-Automation\node_modules\selenium-webdriver\lib\promise.js:3084:14)
    at TaskQueue.executeNext_ (H:\Protractor Project\IPSO-Test-Automation\node_modules\selenium-webdriver\lib\promise.js:3067:27)
    at asyncRun (H:\Protractor Project\IPSO-Test-Automation\node_modules\selenium-webdriver\lib\promise.js:2927:27)Error
    at ElementArrayFinder.applyAction_ (H:\Protractor Project\IPSO-Test-Automation\node_modules\protractor\built\element.js:459:27)
    at ElementArrayFinder.(anonymous function).args [as getText] (H:\Protractor Project\IPSO-Test-Automation\node_modules\protractor\built\element.js:91:29)
    at ElementFinder.(anonymous function).args [as getText] (H:\Protractor Project\IPSO-Test-Automation\node_modules\protractor\built\element.js:831:22)
    at H:\Protractor Project\IPSO-Test-Automation\src\app\pages\dailydashboardpage.js:21:29
    at ManagedPromise.invokeCallback_ (H:\Protractor Project\IPSO-Test-Automation\node_modules\selenium-webdriver\lib\promise.js:1376:14)
    at TaskQueue.execute_ (H:\Protractor Project\IPSO-Test-Automation\node_modules\selenium-webdriver\lib\promise.js:3084:14)
    at TaskQueue.executeNext_ (H:\Protractor Project\IPSO-Test-Automation\node_modules\selenium-webdriver\lib\promise.js:3067:27)
    at asyncRun (H:\Protractor Project\IPSO-Test-Automation\node_modules\selenium-webdriver\lib\promise.js:2927:27)
    at H:\Protractor Project\IPSO-Test-Automation\node_modules\selenium-webdriver\lib\promise.js:668:7
    at <anonymous>
From: Task: Run it("should navigate to GOM Dashboard and check if all the fields and components are displayed") in control flow
    at UserContext.<anonymous> (H:\Protractor Project\IPSO-Test-Automation\node_modules\jasminewd2\index.js:94:19)
    at attempt (H:\Protractor Project\IPSO-Test-Automation\node_modules\jasmine-core\lib\jasmine-core\jasmine.js:4297:26)
    at QueueRunner.run (H:\Protractor Project\IPSO-Test-Automation\node_modules\jasmine-core\lib\jasmine-core\jasmine.js:4217:20)
    at runNext (H:\Protractor Project\IPSO-Test-Automation\node_modules\jasmine-core\lib\jasmine-core\jasmine.js:4257:20)
    at H:\Protractor Project\IPSO-Test-Automation\node_modules\jasmine-core\lib\jasmine-core\jasmine.js:4264:13
    at H:\Protractor Project\IPSO-Test-Automation\node_modules\jasmine-core\lib\jasmine-core\jasmine.js:4172:9
    at H:\Protractor Project\IPSO-Test-Automation\node_modules\jasminewd2\index.js:64:48
    at ControlFlow.emit (H:\Protractor Project\IPSO-Test-Automation\node_modules\selenium-webdriver\lib\events.js:62:21)
    at ControlFlow.shutdown_ (H:\Protractor Project\IPSO-Test-Automation\node_modules\selenium-webdriver\lib\promise.js:2674:10)
    at shutdownTask_.MicroTask (H:\Protractor Project\IPSO-Test-Automation\node_modules\selenium-webdriver\lib\promise.js:2599:53)
From asynchronous test: 
Error
    at Suite.<anonymous> (H:\Protractor Project\IPSO-Test-Automation\src\app\specs\homepage_spec.js:27:2)
    at addSpecsToSuite (H:\Protractor Project\IPSO-Test-Automation\node_modules\jasmine-core\lib\jasmine-core\jasmine.js:1107:25)
    at Env.describe (H:\Protractor Project\IPSO-Test-Automation\node_modules\jasmine-core\lib\jasmine-core\jasmine.js:1074:7)
    at describe (H:\Protractor Project\IPSO-Test-Automation\node_modules\jasmine-core\lib\jasmine-core\jasmine.js:4399:18)
    at Object.<anonymous> (H:\Protractor Project\IPSO-Test-Automation\src\app\specs\homepage_spec.js:10:1)
    at Module._compile (module.js:643:30)
    at Object.Module._extensions..js (module.js:654:10)
    at Module.load (module.js:556:32)
    at tryModuleLoad (module.js:499:12)]]>
   </failure>
  </testcase>
  <testcase classname="Navigation to Home Page and GOM/GHANA Daily Dashboard Test" name="should navigate to GHANA Dashboard and check if all the fields and components are displayed" time="13.007">
   <failure type="exception" message="Error: ENOENT: no such file or directory, open &apos;H:\Protractor Project\IPSO-Test-Automation\reports\dashboardReport\Navigation to Home Page and GOM\GHANA Daily Dashboard Test should navigate to GOM Dashboard and check if all the fields and components are displayed.png&apos;"><![CDATA[Error: ENOENT: no such file or directory, open 'H:\Protractor Project\IPSO-Test-Automation\reports\dashboardReport\Navigation to Home Page and GOM\GHANA Daily Dashboard Test should navigate to GOM Dashboard and check if all the fields and components are displayed.png']]>
   </failure>
  </testcase>
 </testsuite>
 <testsuite name="Production Summary Test" timestamp="2018-11-13T13:22:52" hostname="localhost" time="24.273" errors="0" tests="2" skipped="0" disabled="0" failures="1">
  <testcase classname="Production Summary Test" name="should navigate to GOM production summary page and validate if all the components are displayed" time="12.738">
   <failure type="exception" message="Error: ENOENT: no such file or directory, open &apos;H:\Protractor Project\IPSO-Test-Automation\reports\dashboardReport\Navigation to Home Page and GOM\GHANA Daily Dashboard Test should navigate to GHANA Dashboard and check if all the fields and components are displayed.png&apos;"><![CDATA[Error: ENOENT: no such file or directory, open 'H:\Protractor Project\IPSO-Test-Automation\reports\dashboardReport\Navigation to Home Page and GOM\GHANA Daily Dashboard Test should navigate to GHANA Dashboard and check if all the fields and components are displayed.png']]>
   </failure>
  </testcase>
  <testcase classname="Production Summary Test" name="should navigate to GHANA production summary page and validate if all the components are displayed" time="11.535" />
 </testsuite>
 <testsuite name="Forecast vs Actual Production Test" timestamp="2018-11-13T13:23:16" hostname="localhost" time="22.558" errors="0" tests="2" skipped="0" disabled="0" failures="0">
  <testcase classname="Forecast vs Actual Production Test" name="should navigate to GOM Forecast vs Actual production page and validate if all the components are displayed" time="12.214" />
  <testcase classname="Forecast vs Actual Production Test" name="should navigate to GHANA Forecast vs Actual production page and validate if all the components are displayed" time="10.328" />
 </testsuite>
 <testsuite name="Downtime Summary Test" timestamp="2018-11-13T13:23:38" hostname="localhost" time="21.935" errors="0" tests="2" skipped="0" disabled="0" failures="0">
  <testcase classname="Downtime Summary Test" name="should navigate to GOM Downtime Summary page and validate if all the components are displayed" time="11.205" />
  <testcase classname="Downtime Summary Test" name="should navigate to GHANA Downtime Summary page and validate if all the components are displayed" time="10.73" />
 </testsuite>
</testsuites>